     ライブラリ C:\Users\ryo\Documents\jimaXengin\JimaXengine\x64\Debug\JimaXengine.lib とオブジェクト C:\Users\ryo\Documents\jimaXengin\JimaXengine\x64\Debug\JimaXengine.exp を作成中
main.obj : error LNK2001: 外部シンボル "void __cdecl fbxsdk::_FbxAssert(char const *,char const *,unsigned int,bool,char const *,...)" (?_FbxAssert@fbxsdk@@YAXPEBD0I_N0ZZ) は未解決です
Play.obj : error LNK2001: 外部シンボル "void __cdecl fbxsdk::_FbxAssert(char const *,char const *,unsigned int,bool,char const *,...)" (?_FbxAssert@fbxsdk@@YAXPEBD0I_N0ZZ) は未解決です
Player.obj : error LNK2001: 外部シンボル "void __cdecl fbxsdk::_FbxAssert(char const *,char const *,unsigned int,bool,char const *,...)" (?_FbxAssert@fbxsdk@@YAXPEBD0I_N0ZZ) は未解決です
Title.obj : error LNK2001: 外部シンボル "void __cdecl fbxsdk::_FbxAssert(char const *,char const *,unsigned int,bool,char const *,...)" (?_FbxAssert@fbxsdk@@YAXPEBD0I_N0ZZ) は未解決です
FbxLoader.obj : error LNK2001: 外部シンボル "void __cdecl fbxsdk::_FbxAssert(char const *,char const *,unsigned int,bool,char const *,...)" (?_FbxAssert@fbxsdk@@YAXPEBD0I_N0ZZ) は未解決です
Model.obj : error LNK2001: 外部シンボル "void __cdecl fbxsdk::_FbxAssert(char const *,char const *,unsigned int,bool,char const *,...)" (?_FbxAssert@fbxsdk@@YAXPEBD0I_N0ZZ) は未解決です
Object3d.obj : error LNK2001: 外部シンボル "void __cdecl fbxsdk::_FbxAssert(char const *,char const *,unsigned int,bool,char const *,...)" (?_FbxAssert@fbxsdk@@YAXPEBD0I_N0ZZ) は未解決です
Application.obj : error LNK2001: 外部シンボル "void __cdecl fbxsdk::_FbxAssert(char const *,char const *,unsigned int,bool,char const *,...)" (?_FbxAssert@fbxsdk@@YAXPEBD0I_N0ZZ) は未解決です
main.obj : error LNK2001: 外部シンボル "unsigned __int64 __cdecl fbxsdk::FbxAllocSize(unsigned __int64,unsigned __int64)" (?FbxAllocSize@fbxsdk@@YA_K_K0@Z) は未解決です
Play.obj : error LNK2001: 外部シンボル "unsigned __int64 __cdecl fbxsdk::FbxAllocSize(unsigned __int64,unsigned __int64)" (?FbxAllocSize@fbxsdk@@YA_K_K0@Z) は未解決です
Player.obj : error LNK2001: 外部シンボル "unsigned __int64 __cdecl fbxsdk::FbxAllocSize(unsigned __int64,unsigned __int64)" (?FbxAllocSize@fbxsdk@@YA_K_K0@Z) は未解決です
Title.obj : error LNK2001: 外部シンボル "unsigned __int64 __cdecl fbxsdk::FbxAllocSize(unsigned __int64,unsigned __int64)" (?FbxAllocSize@fbxsdk@@YA_K_K0@Z) は未解決です
FbxLoader.obj : error LNK2001: 外部シンボル "unsigned __int64 __cdecl fbxsdk::FbxAllocSize(unsigned __int64,unsigned __int64)" (?FbxAllocSize@fbxsdk@@YA_K_K0@Z) は未解決です
Model.obj : error LNK2001: 外部シンボル "unsigned __int64 __cdecl fbxsdk::FbxAllocSize(unsigned __int64,unsigned __int64)" (?FbxAllocSize@fbxsdk@@YA_K_K0@Z) は未解決です
Object3d.obj : error LNK2001: 外部シンボル "unsigned __int64 __cdecl fbxsdk::FbxAllocSize(unsigned __int64,unsigned __int64)" (?FbxAllocSize@fbxsdk@@YA_K_K0@Z) は未解決です
Application.obj : error LNK2001: 外部シンボル "unsigned __int64 __cdecl fbxsdk::FbxAllocSize(unsigned __int64,unsigned __int64)" (?FbxAllocSize@fbxsdk@@YA_K_K0@Z) は未解決です
main.obj : error LNK2001: 外部シンボル "void * __cdecl fbxsdk::FbxMalloc(unsigned __int64)" (?FbxMalloc@fbxsdk@@YAPEAX_K@Z) は未解決です
Play.obj : error LNK2001: 外部シンボル "void * __cdecl fbxsdk::FbxMalloc(unsigned __int64)" (?FbxMalloc@fbxsdk@@YAPEAX_K@Z) は未解決です
Player.obj : error LNK2001: 外部シンボル "void * __cdecl fbxsdk::FbxMalloc(unsigned __int64)" (?FbxMalloc@fbxsdk@@YAPEAX_K@Z) は未解決です
Title.obj : error LNK2001: 外部シンボル "void * __cdecl fbxsdk::FbxMalloc(unsigned __int64)" (?FbxMalloc@fbxsdk@@YAPEAX_K@Z) は未解決です
FbxLoader.obj : error LNK2001: 外部シンボル "void * __cdecl fbxsdk::FbxMalloc(unsigned __int64)" (?FbxMalloc@fbxsdk@@YAPEAX_K@Z) は未解決です
Model.obj : error LNK2001: 外部シンボル "void * __cdecl fbxsdk::FbxMalloc(unsigned __int64)" (?FbxMalloc@fbxsdk@@YAPEAX_K@Z) は未解決です
Object3d.obj : error LNK2001: 外部シンボル "void * __cdecl fbxsdk::FbxMalloc(unsigned __int64)" (?FbxMalloc@fbxsdk@@YAPEAX_K@Z) は未解決です
Application.obj : error LNK2001: 外部シンボル "void * __cdecl fbxsdk::FbxMalloc(unsigned __int64)" (?FbxMalloc@fbxsdk@@YAPEAX_K@Z) は未解決です
FbxLoader.obj : error LNK2019: 未解決の外部シンボル "void * __cdecl fbxsdk::FbxRealloc(void *,unsigned __int64)" (?FbxRealloc@fbxsdk@@YAPEAXPEAX_K@Z) が関数 "private: void __cdecl fbxsdk::FbxArray<class fbxsdk::FbxStringListItem *,16>::Allocate(int)" (?Allocate@?$FbxArray@PEAVFbxStringListItem@fbxsdk@@$0BA@@fbxsdk@@AEAAXH@Z) で参照されました
main.obj : error LNK2001: 外部シンボル "void __cdecl fbxsdk::FbxFree(void *)" (?FbxFree@fbxsdk@@YAXPEAX@Z) は未解決です
Play.obj : error LNK2001: 外部シンボル "void __cdecl fbxsdk::FbxFree(void *)" (?FbxFree@fbxsdk@@YAXPEAX@Z) は未解決です
Player.obj : error LNK2001: 外部シンボル "void __cdecl fbxsdk::FbxFree(void *)" (?FbxFree@fbxsdk@@YAXPEAX@Z) は未解決です
Title.obj : error LNK2001: 外部シンボル "void __cdecl fbxsdk::FbxFree(void *)" (?FbxFree@fbxsdk@@YAXPEAX@Z) は未解決です
FbxLoader.obj : error LNK2001: 外部シンボル "void __cdecl fbxsdk::FbxFree(void *)" (?FbxFree@fbxsdk@@YAXPEAX@Z) は未解決です
Model.obj : error LNK2001: 外部シンボル "void __cdecl fbxsdk::FbxFree(void *)" (?FbxFree@fbxsdk@@YAXPEAX@Z) は未解決です
Object3d.obj : error LNK2001: 外部シンボル "void __cdecl fbxsdk::FbxFree(void *)" (?FbxFree@fbxsdk@@YAXPEAX@Z) は未解決です
Application.obj : error LNK2001: 外部シンボル "void __cdecl fbxsdk::FbxFree(void *)" (?FbxFree@fbxsdk@@YAXPEAX@Z) は未解決です
FbxLoader.obj : error LNK2019: 未解決の外部シンボル "public: __cdecl fbxsdk::FbxString::FbxString(void)" (??0FbxString@fbxsdk@@QEAA@XZ) が関数 "public: __cdecl fbxsdk::FbxStringListItem::FbxStringListItem(char const *,unsigned __int64)" (??0FbxStringListItem@fbxsdk@@QEAA@PEBD_K@Z) で参照されました
main.obj : error LNK2001: 外部シンボル "public: __cdecl fbxsdk::FbxString::FbxString(class fbxsdk::FbxString const &)" (??0FbxString@fbxsdk@@QEAA@AEBV01@@Z) は未解決です
Play.obj : error LNK2001: 外部シンボル "public: __cdecl fbxsdk::FbxString::FbxString(class fbxsdk::FbxString const &)" (??0FbxString@fbxsdk@@QEAA@AEBV01@@Z) は未解決です
Player.obj : error LNK2001: 外部シンボル "public: __cdecl fbxsdk::FbxString::FbxString(class fbxsdk::FbxString const &)" (??0FbxString@fbxsdk@@QEAA@AEBV01@@Z) は未解決です
Title.obj : error LNK2001: 外部シンボル "public: __cdecl fbxsdk::FbxString::FbxString(class fbxsdk::FbxString const &)" (??0FbxString@fbxsdk@@QEAA@AEBV01@@Z) は未解決です
FbxLoader.obj : error LNK2001: 外部シンボル "public: __cdecl fbxsdk::FbxString::FbxString(class fbxsdk::FbxString const &)" (??0FbxString@fbxsdk@@QEAA@AEBV01@@Z) は未解決です
Model.obj : error LNK2001: 外部シンボル "public: __cdecl fbxsdk::FbxString::FbxString(class fbxsdk::FbxString const &)" (??0FbxString@fbxsdk@@QEAA@AEBV01@@Z) は未解決です
Object3d.obj : error LNK2001: 外部シンボル "public: __cdecl fbxsdk::FbxString::FbxString(class fbxsdk::FbxString const &)" (??0FbxString@fbxsdk@@QEAA@AEBV01@@Z) は未解決です
Application.obj : error LNK2001: 外部シンボル "public: __cdecl fbxsdk::FbxString::FbxString(class fbxsdk::FbxString const &)" (??0FbxString@fbxsdk@@QEAA@AEBV01@@Z) は未解決です
FbxLoader.obj : error LNK2019: 未解決の外部シンボル "public: __cdecl fbxsdk::FbxString::FbxString(char const *)" (??0FbxString@fbxsdk@@QEAA@PEBD@Z) が関数 "public: virtual int __cdecl fbxsdk::FbxStringListT<class fbxsdk::FbxStringListItem>::SetText(char const *)" (?SetText@?$FbxStringListT@VFbxStringListItem@fbxsdk@@@fbxsdk@@UEAAHPEBD@Z) で参照されました
Object3d.obj : error LNK2001: 外部シンボル "public: __cdecl fbxsdk::FbxString::FbxString(char const *)" (??0FbxString@fbxsdk@@QEAA@PEBD@Z) は未解決です
main.obj : error LNK2001: 外部シンボル "public: __cdecl fbxsdk::FbxString::~FbxString(void)" (??1FbxString@fbxsdk@@QEAA@XZ) は未解決です
Play.obj : error LNK2001: 外部シンボル "public: __cdecl fbxsdk::FbxString::~FbxString(void)" (??1FbxString@fbxsdk@@QEAA@XZ) は未解決です
Player.obj : error LNK2001: 外部シンボル "public: __cdecl fbxsdk::FbxString::~FbxString(void)" (??1FbxString@fbxsdk@@QEAA@XZ) は未解決です
Title.obj : error LNK2001: 外部シンボル "public: __cdecl fbxsdk::FbxString::~FbxString(void)" (??1FbxString@fbxsdk@@QEAA@XZ) は未解決です
FbxLoader.obj : error LNK2001: 外部シンボル "public: __cdecl fbxsdk::FbxString::~FbxString(void)" (??1FbxString@fbxsdk@@QEAA@XZ) は未解決です
Model.obj : error LNK2001: 外部シンボル "public: __cdecl fbxsdk::FbxString::~FbxString(void)" (??1FbxString@fbxsdk@@QEAA@XZ) は未解決です
Object3d.obj : error LNK2001: 外部シンボル "public: __cdecl fbxsdk::FbxString::~FbxString(void)" (??1FbxString@fbxsdk@@QEAA@XZ) は未解決です
Application.obj : error LNK2001: 外部シンボル "public: __cdecl fbxsdk::FbxString::~FbxString(void)" (??1FbxString@fbxsdk@@QEAA@XZ) は未解決です
FbxLoader.obj : error LNK2019: 未解決の外部シンボル "public: char * __cdecl fbxsdk::FbxString::Buffer(void)" (?Buffer@FbxString@fbxsdk@@QEAAPEADXZ) が関数 "public: virtual int __cdecl fbxsdk::FbxStringListT<class fbxsdk::FbxStringListItem>::SetText(char const *)" (?SetText@?$FbxStringListT@VFbxStringListItem@fbxsdk@@@fbxsdk@@UEAAHPEBD@Z) で参照されました
FbxLoader.obj : error LNK2019: 未解決の外部シンボル "public: class fbxsdk::FbxString const & __cdecl fbxsdk::FbxString::operator=(char const *)" (??4FbxString@fbxsdk@@QEAAAEBV01@PEBD@Z) が関数 "public: __cdecl fbxsdk::FbxStringListItem::FbxStringListItem(char const *,unsigned __int64)" (??0FbxStringListItem@fbxsdk@@QEAA@PEBD_K@Z) で参照されました
FbxLoader.obj : error LNK2019: 未解決の外部シンボル "public: class fbxsdk::FbxString const & __cdecl fbxsdk::FbxString::operator+=(class fbxsdk::FbxString const &)" (??YFbxString@fbxsdk@@QEAAAEBV01@AEBV01@@Z) が関数 "public: virtual void __cdecl fbxsdk::FbxStringListT<class fbxsdk::FbxStringListItem>::GetText(class fbxsdk::FbxString &)const " (?GetText@?$FbxStringListT@VFbxStringListItem@fbxsdk@@@fbxsdk@@UEBAXAEAVFbxString@2@@Z) で参照されました
FbxLoader.obj : error LNK2019: 未解決の外部シンボル "public: class fbxsdk::FbxString const & __cdecl fbxsdk::FbxString::operator+=(char const *)" (??YFbxString@fbxsdk@@QEAAAEBV01@PEBD@Z) が関数 "public: virtual void __cdecl fbxsdk::FbxStringListT<class fbxsdk::FbxStringListItem>::GetText(class fbxsdk::FbxString &)const " (?GetText@?$FbxStringListT@VFbxStringListItem@fbxsdk@@@fbxsdk@@UEBAXAEAVFbxString@2@@Z) で参照されました
main.obj : error LNK2001: 外部シンボル "public: __cdecl fbxsdk::FbxString::operator char const *(void)const " (??BFbxString@fbxsdk@@QEBAPEBDXZ) は未解決です
Play.obj : error LNK2001: 外部シンボル "public: __cdecl fbxsdk::FbxString::operator char const *(void)const " (??BFbxString@fbxsdk@@QEBAPEBDXZ) は未解決です
Player.obj : error LNK2001: 外部シンボル "public: __cdecl fbxsdk::FbxString::operator char const *(void)const " (??BFbxString@fbxsdk@@QEBAPEBDXZ) は未解決です
Title.obj : error LNK2001: 外部シンボル "public: __cdecl fbxsdk::FbxString::operator char const *(void)const " (??BFbxString@fbxsdk@@QEBAPEBDXZ) は未解決です
FbxLoader.obj : error LNK2001: 外部シンボル "public: __cdecl fbxsdk::FbxString::operator char const *(void)const " (??BFbxString@fbxsdk@@QEBAPEBDXZ) は未解決です
Model.obj : error LNK2001: 外部シンボル "public: __cdecl fbxsdk::FbxString::operator char const *(void)const " (??BFbxString@fbxsdk@@QEBAPEBDXZ) は未解決です
Object3d.obj : error LNK2001: 外部シンボル "public: __cdecl fbxsdk::FbxString::operator char const *(void)const " (??BFbxString@fbxsdk@@QEBAPEBDXZ) は未解決です
Application.obj : error LNK2001: 外部シンボル "public: __cdecl fbxsdk::FbxString::operator char const *(void)const " (??BFbxString@fbxsdk@@QEBAPEBDXZ) は未解決です
main.obj : error LNK2001: 外部シンボル "public: int __cdecl fbxsdk::FbxString::Compare(char const *)const " (?Compare@FbxString@fbxsdk@@QEBAHPEBD@Z) は未解決です
Play.obj : error LNK2001: 外部シンボル "public: int __cdecl fbxsdk::FbxString::Compare(char const *)const " (?Compare@FbxString@fbxsdk@@QEBAHPEBD@Z) は未解決です
Player.obj : error LNK2001: 外部シンボル "public: int __cdecl fbxsdk::FbxString::Compare(char const *)const " (?Compare@FbxString@fbxsdk@@QEBAHPEBD@Z) は未解決です
Title.obj : error LNK2001: 外部シンボル "public: int __cdecl fbxsdk::FbxString::Compare(char const *)const " (?Compare@FbxString@fbxsdk@@QEBAHPEBD@Z) は未解決です
FbxLoader.obj : error LNK2001: 外部シンボル "public: int __cdecl fbxsdk::FbxString::Compare(char const *)const " (?Compare@FbxString@fbxsdk@@QEBAHPEBD@Z) は未解決です
Model.obj : error LNK2001: 外部シンボル "public: int __cdecl fbxsdk::FbxString::Compare(char const *)const " (?Compare@FbxString@fbxsdk@@QEBAHPEBD@Z) は未解決です
Object3d.obj : error LNK2001: 外部シンボル "public: int __cdecl fbxsdk::FbxString::Compare(char const *)const " (?Compare@FbxString@fbxsdk@@QEBAHPEBD@Z) は未解決です
Application.obj : error LNK2001: 外部シンボル "public: int __cdecl fbxsdk::FbxString::Compare(char const *)const " (?Compare@FbxString@fbxsdk@@QEBAHPEBD@Z) は未解決です
FbxLoader.obj : error LNK2019: 未解決の外部シンボル "public: __cdecl fbxsdk::FbxStringList::FbxStringList(void)" (??0FbxStringList@fbxsdk@@QEAA@XZ) が関数 "private: void __cdecl FbxLoader::ParseMeshFaces(class Model *,class fbxsdk::FbxMesh *)" (?ParseMeshFaces@FbxLoader@@AEAAXPEAVModel@@PEAVFbxMesh@fbxsdk@@@Z) で参照されました
FbxLoader.obj : error LNK2019: 未解決の外部シンボル "public: __cdecl fbxsdk::FbxVector2::FbxVector2(void)" (??0FbxVector2@fbxsdk@@QEAA@XZ) が関数 "private: void __cdecl FbxLoader::ParseMeshFaces(class Model *,class fbxsdk::FbxMesh *)" (?ParseMeshFaces@FbxLoader@@AEAAXPEAVModel@@PEAVFbxMesh@fbxsdk@@@Z) で参照されました
FbxLoader.obj : error LNK2019: 未解決の外部シンボル "public: __cdecl fbxsdk::FbxVector4::FbxVector4(void)" (??0FbxVector4@fbxsdk@@QEAA@XZ) が関数 "private: void __cdecl FbxLoader::ParseMeshFaces(class Model *,class fbxsdk::FbxMesh *)" (?ParseMeshFaces@FbxLoader@@AEAAXPEAVModel@@PEAVFbxMesh@fbxsdk@@@Z) で参照されました
FbxLoader.obj : error LNK2019: 未解決の外部シンボル "public: __cdecl fbxsdk::FbxAMatrix::FbxAMatrix(void)" (??0FbxAMatrix@fbxsdk@@QEAA@XZ) が関数 "private: void __cdecl FbxLoader::ParseSkin(class Model *,class fbxsdk::FbxMesh *)" (?ParseSkin@FbxLoader@@AEAAXPEAVModel@@PEAVFbxMesh@fbxsdk@@@Z) で参照されました
FbxLoader.obj : error LNK2019: 未解決の外部シンボル "public: __cdecl fbxsdk::FbxAMatrix::~FbxAMatrix(void)" (??1FbxAMatrix@fbxsdk@@QEAA@XZ) が関数 "private: void __cdecl FbxLoader::ParseSkin(class Model *,class fbxsdk::FbxMesh *)" (?ParseSkin@FbxLoader@@AEAAXPEAVModel@@PEAVFbxMesh@fbxsdk@@@Z) で参照されました
Object3d.obj : error LNK2001: 外部シンボル "public: __cdecl fbxsdk::FbxAMatrix::~FbxAMatrix(void)" (??1FbxAMatrix@fbxsdk@@QEAA@XZ) は未解決です
FbxLoader.obj : error LNK2019: 未解決の外部シンボル "public: double __cdecl fbxsdk::FbxAMatrix::Get(int,int)const " (?Get@FbxAMatrix@fbxsdk@@QEBANHH@Z) が関数 "public: static void __cdecl FbxLoader::ConvertMatrixFromFbx(struct DirectX::XMMATRIX *,class fbxsdk::FbxAMatrix &)" (?ConvertMatrixFromFbx@FbxLoader@@SAXPEAUXMMATRIX@DirectX@@AEAVFbxAMatrix@fbxsdk@@@Z) で参照されました
FbxLoader.obj : error LNK2019: 未解決の外部シンボル "public: bool __cdecl fbxsdk::FbxClassId::Is(class fbxsdk::FbxClassId const &)const " (?Is@FbxClassId@fbxsdk@@QEBA_NAEBV12@@Z) が関数 "private: void __cdecl FbxLoader::ParseMaterial(class Model *,class fbxsdk::FbxNode *)" (?ParseMaterial@FbxLoader@@AEAAXPEAVModel@@PEAVFbxNode@fbxsdk@@@Z) で参照されました
FbxLoader.obj : error LNK2019: 未解決の外部シンボル "public: __cdecl fbxsdk::FbxPropertyHandle::~FbxPropertyHandle(void)" (??1FbxPropertyHandle@fbxsdk@@QEAA@XZ) が関数 "public: class fbxsdk::FbxProperty __cdecl fbxsdk::FbxProperty::Find(char const *,bool)const " (?Find@FbxProperty@fbxsdk@@QEBA?AV12@PEBD_N@Z) で参照されました
FbxLoader.obj : error LNK2019: 未解決の外部シンボル "public: class fbxsdk::FbxPropertyHandle __cdecl fbxsdk::FbxPropertyHandle::Find(char const *,bool)const " (?Find@FbxPropertyHandle@fbxsdk@@QEBA?AV12@PEBD_N@Z) が関数 "public: class fbxsdk::FbxProperty __cdecl fbxsdk::FbxProperty::Find(char const *,bool)const " (?Find@FbxProperty@fbxsdk@@QEBA?AV12@PEBD_N@Z) で参照されました
FbxLoader.obj : error LNK2019: 未解決の外部シンボル "public: static class fbxsdk::FbxCriteria __cdecl fbxsdk::FbxCriteria::ObjectType(class fbxsdk::FbxClassId const &)" (?ObjectType@FbxCriteria@fbxsdk@@SA?AV12@AEBVFbxClassId@2@@Z) が関数 "public: class fbxsdk::FbxFileTexture * __cdecl fbxsdk::FbxProperty::GetSrcObject<class fbxsdk::FbxFileTexture>(int)const " (??$GetSrcObject@VFbxFileTexture@fbxsdk@@@FbxProperty@fbxsdk@@QEBAPEAVFbxFileTexture@1@H@Z) で参照されました
Object3d.obj : error LNK2001: 外部シンボル "public: static class fbxsdk::FbxCriteria __cdecl fbxsdk::FbxCriteria::ObjectType(class fbxsdk::FbxClassId const &)" (?ObjectType@FbxCriteria@fbxsdk@@SA?AV12@AEBVFbxClassId@2@@Z) は未解決です
FbxLoader.obj : error LNK2019: 未解決の外部シンボル "public: __cdecl fbxsdk::FbxCriteria::~FbxCriteria(void)" (??1FbxCriteria@fbxsdk@@QEAA@XZ) が関数 "public: class fbxsdk::FbxFileTexture * __cdecl fbxsdk::FbxProperty::GetSrcObject<class fbxsdk::FbxFileTexture>(int)const " (??$GetSrcObject@VFbxFileTexture@fbxsdk@@@FbxProperty@fbxsdk@@QEBAPEAVFbxFileTexture@1@H@Z) で参照されました
Object3d.obj : error LNK2001: 外部シンボル "public: __cdecl fbxsdk::FbxCriteria::~FbxCriteria(void)" (??1FbxCriteria@fbxsdk@@QEAA@XZ) は未解決です
FbxLoader.obj : error LNK2019: 未解決の外部シンボル "public: __cdecl fbxsdk::FbxProperty::FbxProperty(class fbxsdk::FbxProperty const &)" (??0FbxProperty@fbxsdk@@QEAA@AEBV01@@Z) が関数 "public: __cdecl fbxsdk::FbxPropertyT<class fbxsdk::FbxVectorTemplate3<double> >::FbxPropertyT<class fbxsdk::FbxVectorTemplate3<double> >(class fbxsdk::FbxPropertyT<class fbxsdk::FbxVectorTemplate3<double> > const &)" (??0?$FbxPropertyT@V?$FbxVectorTemplate3@N@fbxsdk@@@fbxsdk@@QEAA@AEBV01@@Z) で参照されました
FbxLoader.obj : error LNK2019: 未解決の外部シンボル "public: __cdecl fbxsdk::FbxProperty::FbxProperty(class fbxsdk::FbxPropertyHandle const &)" (??0FbxProperty@fbxsdk@@QEAA@AEBVFbxPropertyHandle@1@@Z) が関数 "public: class fbxsdk::FbxProperty __cdecl fbxsdk::FbxProperty::Find(char const *,bool)const " (?Find@FbxProperty@fbxsdk@@QEBA?AV12@PEBD_N@Z) で参照されました
FbxLoader.obj : error LNK2019: 未解決の外部シンボル "public: __cdecl fbxsdk::FbxProperty::~FbxProperty(void)" (??1FbxProperty@fbxsdk@@QEAA@XZ) が関数 "public: __cdecl fbxsdk::FbxPropertyT<class fbxsdk::FbxVectorTemplate3<double> >::~FbxPropertyT<class fbxsdk::FbxVectorTemplate3<double> >(void)" (??1?$FbxPropertyT@V?$FbxVectorTemplate3@N@fbxsdk@@@fbxsdk@@QEAA@XZ) で参照されました
FbxLoader.obj : error LNK2019: 未解決の外部シンボル "public: bool __cdecl fbxsdk::FbxProperty::IsValid(void)const " (?IsValid@FbxProperty@fbxsdk@@QEBA_NXZ) が関数 "private: void __cdecl FbxLoader::ParseMaterial(class Model *,class fbxsdk::FbxNode *)" (?ParseMaterial@FbxLoader@@AEAAXPEAVModel@@PEAVFbxNode@fbxsdk@@@Z) で参照されました
FbxLoader.obj : error LNK2019: 未解決の外部シンボル "public: class fbxsdk::FbxObject * __cdecl fbxsdk::FbxProperty::GetSrcObject(class fbxsdk::FbxCriteria const &,int)const " (?GetSrcObject@FbxProperty@fbxsdk@@QEBAPEAVFbxObject@2@AEBVFbxCriteria@2@H@Z) が関数 "public: class fbxsdk::FbxFileTexture * __cdecl fbxsdk::FbxProperty::GetSrcObject<class fbxsdk::FbxFileTexture>(int)const " (??$GetSrcObject@VFbxFileTexture@fbxsdk@@@FbxProperty@fbxsdk@@QEBAPEAVFbxFileTexture@1@H@Z) で参照されました
Object3d.obj : error LNK2001: 外部シンボル "public: class fbxsdk::FbxObject * __cdecl fbxsdk::FbxProperty::GetSrcObject(class fbxsdk::FbxCriteria const &,int)const " (?GetSrcObject@FbxProperty@fbxsdk@@QEBAPEAVFbxObject@2@AEBVFbxCriteria@2@H@Z) は未解決です
FbxLoader.obj : error LNK2019: 未解決の外部シンボル "protected: bool __cdecl fbxsdk::FbxProperty::Get(void *,enum fbxsdk::EFbxType const &)const " (?Get@FbxProperty@fbxsdk@@IEBA_NPEAXAEBW4EFbxType@2@@Z) が関数 "public: class fbxsdk::FbxVectorTemplate3<double> __cdecl fbxsdk::FbxPropertyT<class fbxsdk::FbxVectorTemplate3<double> >::Get(void)const " (?Get@?$FbxPropertyT@V?$FbxVectorTemplate3@N@fbxsdk@@@fbxsdk@@QEBA?AV?$FbxVectorTemplate3@N@2@XZ) で参照されました
FbxLoader.obj : error LNK2019: 未解決の外部シンボル "public: void __cdecl fbxsdk::FbxObject::Destroy(bool)" (?Destroy@FbxObject@fbxsdk@@QEAAX_N@Z) が関数 "public: void __cdecl FbxLoader::Finalize(void)" (?Finalize@FbxLoader@@QEAAXXZ) で参照されました
FbxLoader.obj : error LNK2019: 未解決の外部シンボル "public: char const * __cdecl fbxsdk::FbxObject::GetName(void)const " (?GetName@FbxObject@fbxsdk@@QEBAPEBDXZ) が関数 "private: void __cdecl FbxLoader::ParseNodeRecursive(class Model *,class fbxsdk::FbxNode *,struct Node *)" (?ParseNodeRecursive@FbxLoader@@AEAAXPEAVModel@@PEAVFbxNode@fbxsdk@@PEAUNode@@@Z) で参照されました
Object3d.obj : error LNK2001: 外部シンボル "public: char const * __cdecl fbxsdk::FbxObject::GetName(void)const " (?GetName@FbxObject@fbxsdk@@QEBAPEBDXZ) は未解決です
FbxLoader.obj : error LNK2019: 未解決の外部シンボル "public: static class fbxsdk::FbxManager * __cdecl fbxsdk::FbxManager::Create(void)" (?Create@FbxManager@fbxsdk@@SAPEAV12@XZ) が関数 "public: void __cdecl FbxLoader::Initialize(struct ID3D12Device *)" (?Initialize@FbxLoader@@QEAAXPEAUID3D12Device@@@Z) で参照されました
main.obj : error LNK2001: 外部シンボル "public: static class fbxsdk::FbxManager * __cdecl fbxsdk::FbxManager::Create(void)" (?Create@FbxManager@fbxsdk@@SAPEAV12@XZ) は未解決です
FbxLoader.obj : error LNK2019: 未解決の外部シンボル "public: static class fbxsdk::FbxIOSettings * __cdecl fbxsdk::FbxIOSettings::Create(class fbxsdk::FbxManager *,char const *)" (?Create@FbxIOSettings@fbxsdk@@SAPEAV12@PEAVFbxManager@2@PEBD@Z) が関数 "public: void __cdecl FbxLoader::Initialize(struct ID3D12Device *)" (?Initialize@FbxLoader@@QEAAXPEAUID3D12Device@@@Z) で参照されました
FbxLoader.obj : error LNK2019: 未解決の外部シンボル "public: static class fbxsdk::FbxImporter * __cdecl fbxsdk::FbxImporter::Create(class fbxsdk::FbxManager *,char const *)" (?Create@FbxImporter@fbxsdk@@SAPEAV12@PEAVFbxManager@2@PEBD@Z) が関数 "public: void __cdecl FbxLoader::Initialize(struct ID3D12Device *)" (?Initialize@FbxLoader@@QEAAXPEAUID3D12Device@@@Z) で参照されました
FbxLoader.obj : error LNK2019: 未解決の外部シンボル "public: bool __cdecl fbxsdk::FbxImporter::Import(class fbxsdk::FbxDocument *,bool)" (?Import@FbxImporter@fbxsdk@@QEAA_NPEAVFbxDocument@2@_N@Z) が関数 "public: class Model * __cdecl FbxLoader::LoadModelFromFile(class std::basic_string<char,struct std::char_traits<char>,class std::allocator<char> > const &)" (?LoadModelFromFile@FbxLoader@@QEAAPEAVModel@@AEBV?$basic_string@DU?$char_traits@D@std@@V?$allocator@D@2@@std@@@Z) で参照されました
FbxLoader.obj : error LNK2019: 未解決の外部シンボル "public: int __cdecl fbxsdk::FbxNode::GetChildCount(bool)const " (?GetChildCount@FbxNode@fbxsdk@@QEBAH_N@Z) が関数 "private: void __cdecl FbxLoader::ParseNodeRecursive(class Model *,class fbxsdk::FbxNode *,struct Node *)" (?ParseNodeRecursive@FbxLoader@@AEAAXPEAVModel@@PEAVFbxNode@fbxsdk@@PEAUNode@@@Z) で参照されました
FbxLoader.obj : error LNK2019: 未解決の外部シンボル "public: class fbxsdk::FbxNode * __cdecl fbxsdk::FbxNode::GetChild(int)" (?GetChild@FbxNode@fbxsdk@@QEAAPEAV12@H@Z) が関数 "private: void __cdecl FbxLoader::ParseNodeRecursive(class Model *,class fbxsdk::FbxNode *,struct Node *)" (?ParseNodeRecursive@FbxLoader@@AEAAXPEAVModel@@PEAVFbxNode@fbxsdk@@PEAUNode@@@Z) で参照されました
FbxLoader.obj : error LNK2019: 未解決の外部シンボル "public: class fbxsdk::FbxNodeAttribute * __cdecl fbxsdk::FbxNode::GetNodeAttribute(void)" (?GetNodeAttribute@FbxNode@fbxsdk@@QEAAPEAVFbxNodeAttribute@2@XZ) が関数 "private: void __cdecl FbxLoader::ParseNodeRecursive(class Model *,class fbxsdk::FbxNode *,struct Node *)" (?ParseNodeRecursive@FbxLoader@@AEAAXPEAVModel@@PEAVFbxNode@fbxsdk@@PEAUNode@@@Z) で参照されました
FbxLoader.obj : error LNK2019: 未解決の外部シンボル "public: class fbxsdk::FbxMesh * __cdecl fbxsdk::FbxNode::GetMesh(void)" (?GetMesh@FbxNode@fbxsdk@@QEAAPEAVFbxMesh@2@XZ) が関数 "private: void __cdecl FbxLoader::ParseMesh(class Model *,class fbxsdk::FbxNode *)" (?ParseMesh@FbxLoader@@AEAAXPEAVModel@@PEAVFbxNode@fbxsdk@@@Z) で参照されました
FbxLoader.obj : error LNK2019: 未解決の外部シンボル "public: int __cdecl fbxsdk::FbxNode::GetMaterialCount(void)const " (?GetMaterialCount@FbxNode@fbxsdk@@QEBAHXZ) が関数 "private: void __cdecl FbxLoader::ParseMaterial(class Model *,class fbxsdk::FbxNode *)" (?ParseMaterial@FbxLoader@@AEAAXPEAVModel@@PEAVFbxNode@fbxsdk@@@Z) で参照されました
FbxLoader.obj : error LNK2019: 未解決の外部シンボル "public: class fbxsdk::FbxSurfaceMaterial * __cdecl fbxsdk::FbxNode::GetMaterial(int)const " (?GetMaterial@FbxNode@fbxsdk@@QEBAPEAVFbxSurfaceMaterial@2@H@Z) が関数 "private: void __cdecl FbxLoader::ParseMaterial(class Model *,class fbxsdk::FbxNode *)" (?ParseMaterial@FbxLoader@@AEAAXPEAVModel@@PEAVFbxNode@fbxsdk@@@Z) で参照されました
FbxLoader.obj : error LNK2019: 未解決の外部シンボル "public: static class fbxsdk::FbxScene * __cdecl fbxsdk::FbxScene::Create(class fbxsdk::FbxManager *,char const *)" (?Create@FbxScene@fbxsdk@@SAPEAV12@PEAVFbxManager@2@PEBD@Z) が関数 "public: class Model * __cdecl FbxLoader::LoadModelFromFile(class std::basic_string<char,struct std::char_traits<char>,class std::allocator<char> > const &)" (?LoadModelFromFile@FbxLoader@@QEAAPEAVModel@@AEBV?$basic_string@DU?$char_traits@D@std@@V?$allocator@D@2@@std@@@Z) で参照されました
FbxLoader.obj : error LNK2019: 未解決の外部シンボル "public: class fbxsdk::FbxNode * __cdecl fbxsdk::FbxScene::GetRootNode(void)const " (?GetRootNode@FbxScene@fbxsdk@@QEBAPEAVFbxNode@2@XZ) が関数 "public: class Model * __cdecl FbxLoader::LoadModelFromFile(class std::basic_string<char,struct std::char_traits<char>,class std::allocator<char> > const &)" (?LoadModelFromFile@FbxLoader@@QEAAPEAVModel@@AEBV?$basic_string@DU?$char_traits@D@std@@V?$allocator@D@2@@std@@@Z) で参照されました
FbxLoader.obj : error LNK2019: 未解決の外部シンボル "public: int __cdecl fbxsdk::FbxScene::GetNodeCount(void)const " (?GetNodeCount@FbxScene@fbxsdk@@QEBAHXZ) が関数 "public: class Model * __cdecl FbxLoader::LoadModelFromFile(class std::basic_string<char,struct std::char_traits<char>,class std::allocator<char> > const &)" (?LoadModelFromFile@FbxLoader@@QEAAPEAVModel@@AEBV?$basic_string@DU?$char_traits@D@std@@V?$allocator@D@2@@std@@@Z) で参照されました
FbxLoader.obj : error LNK2019: 未解決の外部シンボル "public: class fbxsdk::FbxNode * __cdecl fbxsdk::FbxCluster::GetLink(void)" (?GetLink@FbxCluster@fbxsdk@@QEAAPEAVFbxNode@2@XZ) が関数 "private: void __cdecl FbxLoader::ParseSkin(class Model *,class fbxsdk::FbxMesh *)" (?ParseSkin@FbxLoader@@AEAAXPEAVModel@@PEAVFbxMesh@fbxsdk@@@Z) で参照されました
Object3d.obj : error LNK2001: 外部シンボル "public: class fbxsdk::FbxNode * __cdecl fbxsdk::FbxCluster::GetLink(void)" (?GetLink@FbxCluster@fbxsdk@@QEAAPEAVFbxNode@2@XZ) は未解決です
FbxLoader.obj : error LNK2019: 未解決の外部シンボル "public: int __cdecl fbxsdk::FbxCluster::GetControlPointIndicesCount(void)const " (?GetControlPointIndicesCount@FbxCluster@fbxsdk@@QEBAHXZ) が関数 "private: void __cdecl FbxLoader::ParseSkin(class Model *,class fbxsdk::FbxMesh *)" (?ParseSkin@FbxLoader@@AEAAXPEAVModel@@PEAVFbxMesh@fbxsdk@@@Z) で参照されました
FbxLoader.obj : error LNK2019: 未解決の外部シンボル "public: int * __cdecl fbxsdk::FbxCluster::GetControlPointIndices(void)const " (?GetControlPointIndices@FbxCluster@fbxsdk@@QEBAPEAHXZ) が関数 "private: void __cdecl FbxLoader::ParseSkin(class Model *,class fbxsdk::FbxMesh *)" (?ParseSkin@FbxLoader@@AEAAXPEAVModel@@PEAVFbxMesh@fbxsdk@@@Z) で参照されました
FbxLoader.obj : error LNK2019: 未解決の外部シンボル "public: double * __cdecl fbxsdk::FbxCluster::GetControlPointWeights(void)const " (?GetControlPointWeights@FbxCluster@fbxsdk@@QEBAPEANXZ) が関数 "private: void __cdecl FbxLoader::ParseSkin(class Model *,class fbxsdk::FbxMesh *)" (?ParseSkin@FbxLoader@@AEAAXPEAVModel@@PEAVFbxMesh@fbxsdk@@@Z) で参照されました
FbxLoader.obj : error LNK2019: 未解決の外部シンボル "public: class fbxsdk::FbxAMatrix & __cdecl fbxsdk::FbxCluster::GetTransformLinkMatrix(class fbxsdk::FbxAMatrix &)const " (?GetTransformLinkMatrix@FbxCluster@fbxsdk@@QEBAAEAVFbxAMatrix@2@AEAV32@@Z) が関数 "private: void __cdecl FbxLoader::ParseSkin(class Model *,class fbxsdk::FbxMesh *)" (?ParseSkin@FbxLoader@@AEAAXPEAVModel@@PEAVFbxMesh@fbxsdk@@@Z) で参照されました
FbxLoader.obj : error LNK2019: 未解決の外部シンボル "public: void __cdecl fbxsdk::FbxGeometryBase::GetUVSetNames(class fbxsdk::FbxStringList &)const " (?GetUVSetNames@FbxGeometryBase@fbxsdk@@QEBAXAEAVFbxStringList@2@@Z) が関数 "private: void __cdecl FbxLoader::ParseMeshFaces(class Model *,class fbxsdk::FbxMesh *)" (?ParseMeshFaces@FbxLoader@@AEAAXPEAVModel@@PEAVFbxMesh@fbxsdk@@@Z) で参照されました
FbxLoader.obj : error LNK2019: 未解決の外部シンボル "public: class fbxsdk::FbxDeformer * __cdecl fbxsdk::FbxGeometry::GetDeformer(int,enum fbxsdk::FbxDeformer::EDeformerType,class fbxsdk::FbxStatus *)const " (?GetDeformer@FbxGeometry@fbxsdk@@QEBAPEAVFbxDeformer@2@HW4EDeformerType@32@PEAVFbxStatus@2@@Z) が関数 "private: void __cdecl FbxLoader::ParseSkin(class Model *,class fbxsdk::FbxMesh *)" (?ParseSkin@FbxLoader@@AEAAXPEAVModel@@PEAVFbxMesh@fbxsdk@@@Z) で参照されました
FbxLoader.obj : error LNK2019: 未解決の外部シンボル "public: bool __cdecl fbxsdk::FbxMesh::GetPolygonVertexNormal(int,int,class fbxsdk::FbxVector4 &)const " (?GetPolygonVertexNormal@FbxMesh@fbxsdk@@QEBA_NHHAEAVFbxVector4@2@@Z) が関数 "private: void __cdecl FbxLoader::ParseMeshFaces(class Model *,class fbxsdk::FbxMesh *)" (?ParseMeshFaces@FbxLoader@@AEAAXPEAVModel@@PEAVFbxMesh@fbxsdk@@@Z) で参照されました
FbxLoader.obj : error LNK2019: 未解決の外部シンボル "public: bool __cdecl fbxsdk::FbxMesh::GetPolygonVertexUV(int,int,char const *,class fbxsdk::FbxVector2 &,bool &)const " (?GetPolygonVertexUV@FbxMesh@fbxsdk@@QEBA_NHHPEBDAEAVFbxVector2@2@AEA_N@Z) が関数 "private: void __cdecl FbxLoader::ParseMeshFaces(class Model *,class fbxsdk::FbxMesh *)" (?ParseMeshFaces@FbxLoader@@AEAAXPEAVModel@@PEAVFbxMesh@fbxsdk@@@Z) で参照されました
FbxLoader.obj : error LNK2019: 未解決の外部シンボル "public: int __cdecl fbxsdk::FbxMesh::GetTextureUVCount(enum fbxsdk::FbxLayerElement::EType)" (?GetTextureUVCount@FbxMesh@fbxsdk@@QEAAHW4EType@FbxLayerElement@2@@Z) が関数 "private: void __cdecl FbxLoader::ParseMeshFaces(class Model *,class fbxsdk::FbxMesh *)" (?ParseMeshFaces@FbxLoader@@AEAAXPEAVModel@@PEAVFbxMesh@fbxsdk@@@Z) で参照されました
FbxLoader.obj : error LNK2019: 未解決の外部シンボル "public: int __cdecl fbxsdk::FbxSkin::GetClusterCount(void)const " (?GetClusterCount@FbxSkin@fbxsdk@@QEBAHXZ) が関数 "private: void __cdecl FbxLoader::ParseSkin(class Model *,class fbxsdk::FbxMesh *)" (?ParseSkin@FbxLoader@@AEAAXPEAVModel@@PEAVFbxMesh@fbxsdk@@@Z) で参照されました
FbxLoader.obj : error LNK2019: 未解決の外部シンボル "public: class fbxsdk::FbxCluster * __cdecl fbxsdk::FbxSkin::GetCluster(int)" (?GetCluster@FbxSkin@fbxsdk@@QEAAPEAVFbxCluster@2@H@Z) が関数 "private: void __cdecl FbxLoader::ParseSkin(class Model *,class fbxsdk::FbxMesh *)" (?ParseSkin@FbxLoader@@AEAAXPEAVModel@@PEAVFbxMesh@fbxsdk@@@Z) で参照されました
FbxLoader.obj : error LNK2019: 未解決の外部シンボル "public: char const * __cdecl fbxsdk::FbxFileTexture::GetFileName(void)const " (?GetFileName@FbxFileTexture@fbxsdk@@QEBAPEBDXZ) が関数 "private: void __cdecl FbxLoader::ParseMaterial(class Model *,class fbxsdk::FbxNode *)" (?ParseMaterial@FbxLoader@@AEAAXPEAVModel@@PEAVFbxNode@fbxsdk@@@Z) で参照されました
FbxLoader.obj : error LNK2001: 外部シンボル "public: static char const * const fbxsdk::FbxSurfaceMaterial::sDiffuse" (?sDiffuse@FbxSurfaceMaterial@fbxsdk@@2PEBDEB) は未解決です
FbxLoader.obj : error LNK2001: 外部シンボル "public: static class fbxsdk::FbxClassId fbxsdk::FbxFileTexture::ClassId" (?ClassId@FbxFileTexture@fbxsdk@@2VFbxClassId@2@A) は未解決です
FbxLoader.obj : error LNK2001: 外部シンボル "public: static class fbxsdk::FbxClassId fbxsdk::FbxSurfaceLambert::ClassId" (?ClassId@FbxSurfaceLambert@fbxsdk@@2VFbxClassId@2@A) は未解決です
Object3d.obj : error LNK2019: 未解決の外部シンボル "public: void __cdecl fbxsdk::FbxTime::SetTime(int,int,int,int,int,enum fbxsdk::FbxTime::EMode)" (?SetTime@FbxTime@fbxsdk@@QEAAXHHHHHW4EMode@12@@Z) が関数 "public: void __cdecl Object3d::Initialize(void)" (?Initialize@Object3d@@QEAAXXZ) で参照されました
Object3d.obj : error LNK2019: 未解決の外部シンボル "public: __cdecl fbxsdk::FbxAMatrix::FbxAMatrix(class fbxsdk::FbxAMatrix const &)" (??0FbxAMatrix@fbxsdk@@QEAA@AEBV01@@Z) が関数 "public: void __cdecl Object3d::Update(void)" (?Update@Object3d@@QEAAXXZ) で参照されました
Object3d.obj : error LNK2019: 未解決の外部シンボル "public: class fbxsdk::FbxTakeInfo * __cdecl fbxsdk::FbxDocument::GetTakeInfo(class fbxsdk::FbxString const &)const " (?GetTakeInfo@FbxDocument@fbxsdk@@QEBAPEAVFbxTakeInfo@2@AEBVFbxString@2@@Z) が関数 "private: void __cdecl Object3d::PlayAnimation(void)" (?PlayAnimation@Object3d@@AEAAXXZ) で参照されました
Object3d.obj : error LNK2019: 未解決の外部シンボル "public: class fbxsdk::FbxAMatrix & __cdecl fbxsdk::FbxNode::EvaluateGlobalTransform(class fbxsdk::FbxTime,enum fbxsdk::FbxNode::EPivotSet,bool,bool)" (?EvaluateGlobalTransform@FbxNode@fbxsdk@@QEAAAEAVFbxAMatrix@2@VFbxTime@2@W4EPivotSet@12@_N2@Z) が関数 "public: void __cdecl Object3d::Update(void)" (?Update@Object3d@@QEAAXXZ) で参照されました
Object3d.obj : error LNK2001: 外部シンボル "public: static class fbxsdk::FbxClassId fbxsdk::FbxAnimStack::ClassId" (?ClassId@FbxAnimStack@fbxsdk@@2VFbxClassId@2@A) は未解決です
C:\Users\ryo\Documents\jimaXengin\JimaXengine\x64\Debug\JimaXengine.exe : fatal error LNK1120: 68 件の未解決の外部参照
